<?xml version="1.0" encoding="UTF-8"?>
<!-- Generated by org.testng.reporters.JUnitXMLReporter -->
<testsuite ignored="2" hostname="DESKTOP-RG878RI" failures="0" tests="2" name="GRP-abua7mad" time="0.108" errors="0" timestamp="2023-02-13T11:26:44 EET">
  <testcase classname="xyzfinal.Myclass" name="testOne" time="0.021"/>
  <testcase classname="xyzfinal.Myclass" name="testFour" time="0.011"/>
  <testcase classname="xyzfinal.Myclass" name="testTwo" time="0.0">
    <ignored/>
  </testcase> <!-- testTwo -->
  <testcase classname="xyzfinal.Myclass" name="testThree" time="0.0">
    <ignored/>
  </testcase> <!-- testThree -->
</testsuite> <!-- GRP-abua7mad -->
